<?xml version="1.0" encoding="UTF-8"?>
<testng-results skipped="0" failed="0" ignored="0" total="1" passed="1">
  <reporter-output>
  </reporter-output>
  <suite name="Default suite" duration-ms="52758" started-at="2019-03-20T07:28:37Z" finished-at="2019-03-20T07:29:30Z">
    <groups>
    </groups>
    <test name="Default test" duration-ms="52758" started-at="2019-03-20T07:28:37Z" finished-at="2019-03-20T07:29:30Z">
      <class name="Android_Test.MoneyControl_Test">
        <test-method status="PASS" signature="setUp()[pri:0, instance:Android_Test.MoneyControl_Test@548e7350]" name="setUp" is-config="true" duration-ms="5767" started-at="2019-03-20T07:28:37Z" finished-at="2019-03-20T07:28:43Z">
          <reporter-output>
          </reporter-output>
        </test-method> <!-- setUp -->
        <test-method status="PASS" signature="testCal()[pri:0, instance:Android_Test.MoneyControl_Test@548e7350]" name="testCal" duration-ms="36507" started-at="2019-03-20T07:28:43Z" finished-at="2019-03-20T07:29:20Z">
          <reporter-output>
          </reporter-output>
        </test-method> <!-- testCal -->
        <test-method status="PASS" signature="teardown()[pri:0, instance:Android_Test.MoneyControl_Test@548e7350]" name="teardown" is-config="true" duration-ms="10454" started-at="2019-03-20T07:29:20Z" finished-at="2019-03-20T07:29:30Z">
          <reporter-output>
          </reporter-output>
        </test-method> <!-- teardown -->
      </class> <!-- Android_Test.MoneyControl_Test -->
    </test> <!-- Default test -->
  </suite> <!-- Default suite -->
</testng-results>
